{"/app/applet/components/Button.tsx": {"path":"/app/applet/components/Button.tsx","statementMap":{"0":{"start":{"line":9,"column":13},"end":{"line":9,"column":45}},"1":{"start":{"line":44,"column":0},"end":{"line":44,"column":15}},"2":{"start":{"line":1,"column":18},"end":{"line":1,"column":null}},"3":{"start":{"line":9,"column":45},"end":{"line":42,"column":null}},"4":{"start":{"line":19,"column":18},"end":{"line":19,"column":null}},"5":{"start":{"line":22,"column":4},"end":{"line":22,"column":null}},"6":{"start":{"line":24,"column":25},"end":{"line":29,"column":null}},"7":{"start":{"line":44,"column":15},"end":{"line":44,"column":null}}},"fnMap":{"0":{"name":"(anonymous_4)","decl":{"start":{"line":9,"column":45},"end":{"line":9,"column":46}},"loc":{"start":{"line":18,"column":1},"end":{"line":42,"column":null}}}},"branchMap":{"0":{"loc":{"start":{"line":13,"column":2},"end":{"line":13,"column":18}},"type":"default-arg","locations":[{"start":{"line":13,"column":13},"end":{"line":13,"column":18}}]},"1":{"loc":{"start":{"line":14,"column":2},"end":{"line":14,"column":21}},"type":"default-arg","locations":[{"start":{"line":14,"column":12},"end":{"line":14,"column":21}}]},"2":{"loc":{"start":{"line":15,"column":2},"end":{"line":15,"column":17}},"type":"default-arg","locations":[{"start":{"line":15,"column":9},"end":{"line":15,"column":17}}]},"3":{"loc":{"start":{"line":16,"column":2},"end":{"line":16,"column":16}},"type":"default-arg","locations":[{"start":{"line":16,"column":14},"end":{"line":16,"column":16}}]},"4":{"loc":{"start":{"line":19,"column":18},"end":{"line":19,"column":null}},"type":"binary-expr","locations":[{"start":{"line":19,"column":18},"end":{"line":19,"column":26}},{"start":{"line":19,"column":26},"end":{"line":19,"column":null}}]}},"s":{"0":53,"1":0,"2":3,"3":3,"4":53,"5":53,"6":53,"7":3},"f":{"0":53},"b":{"0":[38],"1":[4],"2":[53],"3":[53],"4":[53,50]}}
,"/app/applet/components/Card.tsx": {"path":"/app/applet/components/Card.tsx","statementMap":{"0":{"start":{"line":10,"column":13},"end":{"line":10,"column":41}},"1":{"start":{"line":36,"column":0},"end":{"line":36,"column":15}},"2":{"start":{"line":1,"column":18},"end":{"line":1,"column":null}},"3":{"start":{"line":10,"column":41},"end":{"line":34,"column":null}},"4":{"start":{"line":36,"column":15},"end":{"line":36,"column":null}}},"fnMap":{"0":{"name":"(anonymous_4)","decl":{"start":{"line":10,"column":41},"end":{"line":10,"column":42}},"loc":{"start":{"line":15,"column":1},"end":{"line":34,"column":null}}}},"branchMap":{"0":{"loc":{"start":{"line":14,"column":2},"end":{"line":14,"column":16}},"type":"default-arg","locations":[{"start":{"line":14,"column":14},"end":{"line":14,"column":16}}]},"1":{"loc":{"start":{"line":21,"column":7},"end":{"line":21,"column":null}},"type":"binary-expr","locations":[{"start":{"line":21,"column":7},"end":{"line":21,"column":null}}]},"2":{"loc":{"start":{"line":26,"column":7},"end":{"line":26,"column":null}},"type":"binary-expr","locations":[{"start":{"line":26,"column":7},"end":{"line":26,"column":null}}]}},"s":{"0":4,"1":0,"2":1,"3":1,"4":1},"f":{"0":4},"b":{"0":[4],"1":[4],"2":[4]}}
,"/app/applet/components/Counter.tsx": {"path":"/app/applet/components/Counter.tsx","statementMap":{"0":{"start":{"line":8,"column":13},"end":{"line":8,"column":47}},"1":{"start":{"line":61,"column":0},"end":{"line":61,"column":15}},"2":{"start":{"line":1,"column":32},"end":{"line":1,"column":null}},"3":{"start":{"line":2,"column":23},"end":{"line":2,"column":null}},"4":{"start":{"line":8,"column":47},"end":{"line":59,"column":null}},"5":{"start":{"line":9,"column":28},"end":{"line":9,"column":null}},"6":{"start":{"line":34,"column":25},"end":{"line":34,"column":null}},"7":{"start":{"line":34,"column":44},"end":{"line":34,"column":null}},"8":{"start":{"line":42,"column":25},"end":{"line":42,"column":null}},"9":{"start":{"line":42,"column":44},"end":{"line":42,"column":null}},"10":{"start":{"line":50,"column":25},"end":{"line":50,"column":null}},"11":{"start":{"line":61,"column":15},"end":{"line":61,"column":null}}},"fnMap":{"0":{"name":"(anonymous_6)","decl":{"start":{"line":8,"column":47},"end":{"line":8,"column":48}},"loc":{"start":{"line":8,"column":68},"end":{"line":59,"column":null}}},"1":{"name":"(anonymous_7)","decl":{"start":{"line":34,"column":19},"end":{"line":34,"column":25}},"loc":{"start":{"line":34,"column":25},"end":{"line":34,"column":null}}},"2":{"name":"(anonymous_8)","decl":{"start":{"line":34,"column":34},"end":{"line":34,"column":35}},"loc":{"start":{"line":34,"column":44},"end":{"line":34,"column":null}}},"3":{"name":"(anonymous_9)","decl":{"start":{"line":42,"column":19},"end":{"line":42,"column":25}},"loc":{"start":{"line":42,"column":25},"end":{"line":42,"column":null}}},"4":{"name":"(anonymous_10)","decl":{"start":{"line":42,"column":34},"end":{"line":42,"column":35}},"loc":{"start":{"line":42,"column":44},"end":{"line":42,"column":null}}},"5":{"name":"(anonymous_11)","decl":{"start":{"line":50,"column":19},"end":{"line":50,"column":25}},"loc":{"start":{"line":50,"column":25},"end":{"line":50,"column":null}}}},"branchMap":{"0":{"loc":{"start":{"line":8,"column":50},"end":{"line":8,"column":66}},"type":"default-arg","locations":[{"start":{"line":8,"column":65},"end":{"line":8,"column":66}}]}},"s":{"0":5,"1":0,"2":1,"3":1,"4":1,"5":11,"6":4,"7":4,"8":1,"9":1,"10":1,"11":1},"f":{"0":11,"1":4,"2":4,"3":1,"4":1,"5":1},"b":{"0":[6]}}
,"/app/applet/components/Input.tsx": {"path":"/app/applet/components/Input.tsx","statementMap":{"0":{"start":{"line":8,"column":13},"end":{"line":8,"column":43}},"1":{"start":{"line":52,"column":0},"end":{"line":52,"column":15}},"2":{"start":{"line":1,"column":18},"end":{"line":1,"column":null}},"3":{"start":{"line":8,"column":43},"end":{"line":50,"column":null}},"4":{"start":{"line":19,"column":18},"end":{"line":19,"column":null}},"5":{"start":{"line":52,"column":15},"end":{"line":52,"column":null}}},"fnMap":{"0":{"name":"(anonymous_4)","decl":{"start":{"line":8,"column":43},"end":{"line":8,"column":44}},"loc":{"start":{"line":18,"column":1},"end":{"line":50,"column":null}}}},"branchMap":{"0":{"loc":{"start":{"line":15,"column":2},"end":{"line":15,"column":18}},"type":"default-arg","locations":[{"start":{"line":15,"column":13},"end":{"line":15,"column":18}}]},"1":{"loc":{"start":{"line":16,"column":2},"end":{"line":16,"column":16}},"type":"default-arg","locations":[{"start":{"line":16,"column":14},"end":{"line":16,"column":16}}]},"2":{"loc":{"start":{"line":19,"column":18},"end":{"line":19,"column":null}},"type":"binary-expr","locations":[{"start":{"line":19,"column":18},"end":{"line":19,"column":25}},{"start":{"line":19,"column":25},"end":{"line":19,"column":95}}]},"3":{"loc":{"start":{"line":19,"column":25},"end":{"line":19,"column":95}},"type":"cond-expr","locations":[{"start":{"line":19,"column":33},"end":{"line":19,"column":84}},{"start":{"line":19,"column":87},"end":{"line":19,"column":95}}]},"4":{"loc":{"start":{"line":23,"column":7},"end":{"line":23,"column":null}},"type":"binary-expr","locations":[{"start":{"line":23,"column":7},"end":{"line":23,"column":null}}]},"5":{"loc":{"start":{"line":39,"column":10},"end":{"line":39,"column":null}},"type":"cond-expr","locations":[{"start":{"line":39,"column":18},"end":{"line":39,"column":58}},{"start":{"line":39,"column":58},"end":{"line":39,"column":null}}]},"6":{"loc":{"start":{"line":40,"column":12},"end":{"line":40,"column":70}},"type":"cond-expr","locations":[{"start":{"line":40,"column":23},"end":{"line":40,"column":59}},{"start":{"line":40,"column":59},"end":{"line":40,"column":70}}]},"7":{"loc":{"start":{"line":43,"column":7},"end":{"line":43,"column":null}},"type":"binary-expr","locations":[{"start":{"line":43,"column":7},"end":{"line":43,"column":null}}]}},"s":{"0":10,"1":0,"2":1,"3":1,"4":10,"5":1},"f":{"0":10},"b":{"0":[10],"1":[10],"2":[10,10],"3":[9,1],"4":[10],"5":[1,9],"6":[0,10],"7":[10]}}
,"/app/applet/components/ProductList.tsx": {"path":"/app/applet/components/ProductList.tsx","statementMap":{"0":{"start":{"line":14,"column":13},"end":{"line":14,"column":55}},"1":{"start":{"line":97,"column":0},"end":{"line":97,"column":15}},"2":{"start":{"line":1,"column":43},"end":{"line":1,"column":null}},"3":{"start":{"line":2,"column":23},"end":{"line":2,"column":null}},"4":{"start":{"line":14,"column":55},"end":{"line":95,"column":null}},"5":{"start":{"line":18,"column":32},"end":{"line":18,"column":null}},"6":{"start":{"line":19,"column":32},"end":{"line":19,"column":null}},"7":{"start":{"line":20,"column":28},"end":{"line":20,"column":null}},"8":{"start":{"line":22,"column":23},"end":{"line":38,"column":null}},"9":{"start":{"line":23,"column":4},"end":{"line":23,"column":null}},"10":{"start":{"line":24,"column":4},"end":{"line":24,"column":null}},"11":{"start":{"line":25,"column":4},"end":{"line":37,"column":null}},"12":{"start":{"line":26,"column":23},"end":{"line":26,"column":null}},"13":{"start":{"line":27,"column":6},"end":{"line":29,"column":null}},"14":{"start":{"line":28,"column":8},"end":{"line":28,"column":null}},"15":{"start":{"line":30,"column":28},"end":{"line":30,"column":null}},"16":{"start":{"line":31,"column":6},"end":{"line":31,"column":null}},"17":{"start":{"line":33,"column":18},"end":{"line":33,"column":null}},"18":{"start":{"line":34,"column":6},"end":{"line":34,"column":null}},"19":{"start":{"line":36,"column":6},"end":{"line":36,"column":null}},"20":{"start":{"line":40,"column":2},"end":{"line":44,"column":null}},"21":{"start":{"line":41,"column":4},"end":{"line":43,"column":null}},"22":{"start":{"line":42,"column":6},"end":{"line":42,"column":null}},"23":{"start":{"line":97,"column":15},"end":{"line":97,"column":null}}},"fnMap":{"0":{"name":"(anonymous_6)","decl":{"start":{"line":14,"column":55},"end":{"line":14,"column":56}},"loc":{"start":{"line":17,"column":1},"end":{"line":95,"column":null}}},"1":{"name":"(anonymous_7)","decl":{"start":{"line":22,"column":23},"end":{"line":22,"column":null}},"loc":{"start":{"line":22,"column":23},"end":{"line":38,"column":null}}},"2":{"name":"(anonymous_8)","decl":{"start":{"line":40,"column":12},"end":{"line":40,"column":null}},"loc":{"start":{"line":40,"column":12},"end":{"line":44,"column":5}}}},"branchMap":{"0":{"loc":{"start":{"line":15,"column":2},"end":{"line":15,"column":45}},"type":"default-arg","locations":[{"start":{"line":15,"column":11},"end":{"line":15,"column":45}}]},"1":{"loc":{"start":{"line":16,"column":2},"end":{"line":16,"column":18}},"type":"default-arg","locations":[{"start":{"line":16,"column":14},"end":{"line":16,"column":18}}]},"2":{"loc":{"start":{"line":27,"column":6},"end":{"line":29,"column":null}},"type":"if","locations":[{"start":{"line":27,"column":6},"end":{"line":29,"column":null}},{"start":{},"end":{}}]},"3":{"loc":{"start":{"line":33,"column":18},"end":{"line":33,"column":null}},"type":"cond-expr","locations":[{"start":{"line":33,"column":41},"end":{"line":33,"column":52}},{"start":{"line":33,"column":55},"end":{"line":33,"column":null}}]},"4":{"loc":{"start":{"line":41,"column":4},"end":{"line":43,"column":null}},"type":"if","locations":[{"start":{"line":41,"column":4},"end":{"line":43,"column":null}},{"start":{},"end":{}}]},"5":{"loc":{"start":{"line":56,"column":7},"end":{"line":56,"column":null}},"type":"binary-expr","locations":[{"start":{"line":56,"column":7},"end":{"line":56,"column":null}}]},"6":{"loc":{"start":{"line":62,"column":7},"end":{"line":62,"column":16}},"type":"binary-expr","locations":[{"start":{"line":62,"column":7},"end":{"line":62,"column":16}},{"start":{"line":62,"column":16},"end":{"line":62,"column":null}}]},"7":{"loc":{"start":{"line":71,"column":7},"end":{"line":71,"column":18}},"type":"binary-expr","locations":[{"start":{"line":71,"column":7},"end":{"line":71,"column":18}},{"start":{"line":71,"column":18},"end":{"line":71,"column":30}},{"start":{"line":71,"column":30},"end":{"line":71,"column":null}}]},"8":{"loc":{"start":{"line":90,"column":11},"end":{"line":90,"column":null}},"type":"cond-expr","locations":[{"start":{"line":90,"column":21},"end":{"line":90,"column":37}},{"start":{"line":90,"column":37},"end":{"line":90,"column":null}}]}},"s":{"0":4,"1":0,"2":1,"3":1,"4":1,"5":15,"6":15,"7":15,"8":15,"9":6,"10":6,"11":6,"12":6,"13":5,"14":1,"15":4,"16":4,"17":1,"18":1,"19":5,"20":15,"21":4,"22":4,"23":1},"f":{"0":15,"1":6,"2":4},"b":{"0":[12],"1":[13],"2":[1,4],"3":[1,0],"4":[4,0],"5":[15],"6":[15,1],"7":[15,5,4],"8":[6,9]}}
}
