TN:
SF:src/components/Button.tsx
FN:9,(anonymous_4)
FNF:1
FNH:1
FNDA:53,(anonymous_4)
DA:1,3
DA:9,53
DA:19,53
DA:22,53
DA:24,53
DA:44,3
LF:6
LH:6
BRDA:13,0,0,38
BRDA:14,1,0,4
BRDA:15,2,0,53
BRDA:16,3,0,53
BRDA:19,4,0,53
BRDA:19,4,1,50
BRF:6
BRH:6
end_of_record
TN:
SF:src/components/Card.tsx
FN:10,(anonymous_4)
FNF:1
FNH:1
FNDA:4,(anonymous_4)
DA:1,1
DA:10,4
DA:36,1
LF:3
LH:3
BRDA:14,0,0,4
BRDA:21,1,0,4
BRDA:26,2,0,4
BRF:3
BRH:3
end_of_record
TN:
SF:src/components/Counter.tsx
FN:8,(anonymous_6)
FN:34,(anonymous_7)
FN:34,(anonymous_8)
FN:42,(anonymous_9)
FN:42,(anonymous_10)
FN:50,(anonymous_11)
FNF:6
FNH:6
FNDA:11,(anonymous_6)
FNDA:4,(anonymous_7)
FNDA:4,(anonymous_8)
FNDA:1,(anonymous_9)
FNDA:1,(anonymous_10)
FNDA:1,(anonymous_11)
DA:1,1
DA:2,1
DA:8,5
DA:9,11
DA:34,4
DA:42,1
DA:50,1
DA:61,1
LF:8
LH:8
BRDA:8,0,0,6
BRF:1
BRH:1
end_of_record
TN:
SF:src/components/Input.tsx
FN:8,(anonymous_4)
FNF:1
FNH:1
FNDA:10,(anonymous_4)
DA:1,1
DA:8,10
DA:19,10
DA:52,1
LF:4
LH:4
BRDA:15,0,0,10
BRDA:16,1,0,10
BRDA:19,2,0,10
BRDA:19,2,1,10
BRDA:19,3,0,9
BRDA:19,3,1,1
BRDA:23,4,0,10
BRDA:39,5,0,1
BRDA:39,5,1,9
BRDA:40,6,0,0
BRDA:40,6,1,10
BRDA:43,7,0,10
BRF:12
BRH:11
end_of_record
TN:
SF:src/components/ProductList.tsx
FN:14,(anonymous_6)
FN:22,(anonymous_7)
FN:40,(anonymous_8)
FNF:3
FNH:3
FNDA:15,(anonymous_6)
FNDA:6,(anonymous_7)
FNDA:4,(anonymous_8)
DA:1,1
DA:2,1
DA:14,4
DA:18,15
DA:19,15
DA:20,15
DA:22,15
DA:23,6
DA:24,6
DA:25,6
DA:26,6
DA:27,5
DA:28,1
DA:30,4
DA:31,4
DA:33,1
DA:34,1
DA:36,5
DA:40,15
DA:41,4
DA:42,4
DA:97,1
LF:22
LH:22
BRDA:15,0,0,12
BRDA:16,1,0,13
BRDA:27,2,0,1
BRDA:27,2,1,4
BRDA:33,3,0,1
BRDA:33,3,1,0
BRDA:41,4,0,4
BRDA:41,4,1,0
BRDA:56,5,0,15
BRDA:62,6,0,15
BRDA:62,6,1,1
BRDA:71,7,0,15
BRDA:71,7,1,5
BRDA:71,7,2,4
BRDA:90,8,0,6
BRDA:90,8,1,9
BRF:16
BRH:14
end_of_record
